<?xml version="1.0" encoding="utf-8"?><testsuites name="pytest tests"><testsuite name="pytest" errors="0" failures="0" skipped="0" tests="60" time="10.797" timestamp="2026-04-19T13:51:40.246107+00:00" hostname="agent-env-70ccd1f3-9c7a-4e38-a972-69dd4aed515b"><testcase classname="tests.backend_test.TestHealth" name="test_root" time="0.215" /><testcase classname="tests.backend_test.TestHealth" name="test_health" time="0.049" /><testcase classname="tests.backend_test.TestTeamPublic" name="test_list_team" time="0.049" /><testcase classname="tests.backend_test.TestGalleryPublic" name="test_list_gallery" time="0.051" /><testcase classname="tests.backend_test.TestFiles" name="test_proxy_team_image" time="0.354" /><testcase classname="tests.backend_test.TestFiles" name="test_proxy_missing_file" time="0.661" /><testcase classname="tests.backend_test.TestAuth" name="test_login_wrong_creds" time="0.111" /><testcase classname="tests.backend_test.TestAuth" name="test_login_success_returns_jwt" time="0.275" /><testcase classname="tests.backend_test.TestAuth" name="test_admin_requires_bearer" time="0.150" /><testcase classname="tests.backend_test.TestLoginRateLimit" name="test_lockout_after_5_failures" time="0.701" /><testcase classname="tests.backend_test.TestAdminTeam" name="test_create_member_with_photo" time="0.295" /><testcase classname="tests.backend_test.TestAdminTeam" name="test_update_member" time="0.106" /><testcase classname="tests.backend_test.TestAdminTeam" name="test_reorder" time="0.097" /><testcase classname="tests.backend_test.TestAdminTeam" name="test_delete_member" time="0.106" /><testcase classname="tests.backend_test.TestAdminGallery" name="test_upload_image" time="0.231" /><testcase classname="tests.backend_test.TestAdminGallery" name="test_upload_rejects_bad_type" time="0.048" /><testcase classname="tests.backend_test.TestAdminGallery" name="test_embed_youtube_watch_normalised" time="0.050" /><testcase classname="tests.backend_test.TestAdminGallery" name="test_embed_rejects_bad_host" time="0.049" /><testcase classname="tests.backend_test.TestAdminGallery" name="test_update_caption" time="0.058" /><testcase classname="tests.backend_test.TestAdminGallery" name="test_delete_items" time="0.101" /><testcase classname="tests.backend_test.TestContact" name="test_contact_happy_path" time="0.325" /><testcase classname="tests.backend_test.TestContact" name="test_contact_with_attachment" time="0.440" /><testcase classname="tests.backend_test.TestContact" name="test_contact_invalid_email" time="0.045" /><testcase classname="tests.backend_test.TestContact" name="test_contact_missing_fields" time="0.043" /><testcase classname="tests.backend_test.TestSiteSettings" name="test_get_settings_returns_all_fields" time="0.045" /><testcase classname="tests.backend_test.TestSiteSettings" name="test_put_admin_settings_requires_bearer" time="0.045" /><testcase classname="tests.backend_test.TestSiteSettings" name="test_put_admin_settings_updates_and_persists" time="0.156" /><testcase classname="tests.backend_test.TestPublications" name="test_public_list_seeded" time="0.048" /><testcase classname="tests.backend_test.TestPublications" name="test_create_requires_bearer" time="0.050" /><testcase classname="tests.backend_test.TestPublications" name="test_create_both_sources_rejected" time="0.049" /><testcase classname="tests.backend_test.TestPublications" name="test_create_neither_source_rejected" time="0.047" /><testcase classname="tests.backend_test.TestPublications" name="test_create_with_link_only" time="0.106" /><testcase classname="tests.backend_test.TestPublications" name="test_create_with_document_only" time="0.586" /><testcase classname="tests.backend_test.TestPublications" name="test_create_invalid_extension_rejected" time="0.047" /><testcase classname="tests.backend_test.TestPublications" name="test_put_source_mode_link_clears_filepath" time="0.053" /><testcase classname="tests.backend_test.TestPublications" name="test_put_source_mode_document_replaces" time="0.194" /><testcase classname="tests.backend_test.TestPublications" name="test_reorder" time="0.100" /><testcase classname="tests.backend_test.TestPublications" name="test_delete" time="0.149" /><testcase classname="tests.backend_test.TestTeamSocial" name="test_public_team_includes_all_social_fields" time="0.050" /><testcase classname="tests.backend_test.TestTeamSocial" name="test_seed_backfill_emails_and_scholars" time="0.045" /><testcase classname="tests.backend_test.TestTeamSocial" name="test_amara_has_no_github" time="0.046" /><testcase classname="tests.backend_test.TestTeamSocial" name="test_hiroshi_has_only_subset" time="0.047" /><testcase classname="tests.backend_test.TestTeamSocial" name="test_create_member_with_partial_social" time="0.096" /><testcase classname="tests.backend_test.TestTeamSocial" name="test_update_partial_social_fields" time="0.053" /><testcase classname="tests.backend_test.TestTeamSocial" name="test_update_empty_string_clears_field" time="0.051" /><testcase classname="tests.backend_test.TestTeamSocial" name="test_cleanup_created_member" time="0.049" /><testcase classname="tests.review_spec_test" name="test_get_team_schema_has_facebook_no_orcid" time="0.123" /><testcase classname="tests.review_spec_test" name="test_post_create_with_facebook" time="0.721" /><testcase classname="tests.review_spec_test" name="test_put_facebook_update_and_clear" time="1.119" /><testcase classname="tests.review_spec_test" name="test_put_no_social_fields_does_not_mutate" time="0.520" /><testcase classname="tests.review_spec_test" name="test_partial_update_facebook_leaves_others_intact" time="0.723" /><testcase classname="tests.contact_email_routing_test.TestSendContactEmailUnit" name="test_to_override_is_used_when_provided" time="0.240" /><testcase classname="tests.contact_email_routing_test.TestSendContactEmailUnit" name="test_fallback_to_admin_email_when_override_missing" time="0.001" /><testcase classname="tests.contact_email_routing_test.TestSendContactEmailUnit" name="test_fallback_when_override_is_empty_or_whitespace" time="0.001" /><testcase classname="tests.contact_email_routing_test.TestSendContactEmailUnit" name="test_raises_runtime_error_when_both_empty" time="0.000" /><testcase classname="tests.contact_email_routing_test.TestContactRoutesSettingsEmail" name="test_contact_uses_custom_settings_email" time="0.023" /><testcase classname="tests.contact_email_routing_test.TestContactRoutesSettingsEmail" name="test_contact_updates_to_new_settings_email_live" time="0.025" /><testcase classname="tests.contact_email_routing_test.TestContactRoutesSettingsEmail" name="test_contact_falls_back_to_admin_email_when_settings_blank" time="0.014" /><testcase classname="tests.contact_email_routing_test.TestContactRoutesSettingsEmail" name="test_contact_still_persists_when_both_empty" time="0.013" /><testcase classname="tests.contact_email_routing_test.TestPersistenceInvariant" name="test_persists_when_resend_raises" time="0.021" /></testsuite></testsuites>